Token list:
( 1,  1)
(23,  0)
(25,  0)
(24,  0)
( 1,  2)
(23,  0)
(25,  0)
(24,  0)
( 1,  3)
(23,  0)
(25,  0)
(34,  0)
(29,  0)
(17,  0)
( 1,  1)
(18,  0)
(34,  0)
(29,  0)
(17,  0)
( 1,  2)
(18,  0)
(34,  0)
(29,  0)
(17,  0)
( 1,  3)
(18,  0)
(34,  0)
( 1,  4)
(23,  0)
(25,  0)
( 8,  0)
( 1,  1)
(34,  0)
(31,  0)
(17,  0)
( 1,  2)
(12,  0)
( 1,  4)
(18,  0)
(21,  0)
( 1,  4)
( 8,  0)
( 1,  2)
(34,  0)
(22,  0)
(34,  0)
(31,  0)
(17,  0)
( 1,  3)
(12,  0)
( 1,  4)
(18,  0)
(21,  0)
( 1,  4)
( 8,  0)
( 1,  3)
(34,  0)
(22,  0)
(34,  0)
(30,  0)
(17,  0)
( 1,  4)
(18,  0)
(34,  0)
Token list size: 64

Identifier table:
K: "a", V: 1
K: "b", V: 2
K: "c", V: 3
K: "max", V: 4
Identifier table size: 4

Constant table:
Constant table size: 0

Lexically correct!
