Token list:
( 1,  1)
(23,  0)
(25,  0)
( 8,  0)
( 2,  1)
(34,  0)
( 1,  2)
(23,  0)
(25,  0)
(34,  0)
(29,  0)
(17,  0)
( 1,  2)
(18,  0)
(34,  0)
(31,  0)
(17,  0)
( 1,  2)
(13,  0)
( 2,  1)
(18,  0)
(21,  0)
( 1,  1)
( 8,  0)
( 2,  2)
(34,  0)
(22,  0)
(32,  0)
(21,  0)
( 1,  3)
(23,  0)
(25,  0)
( 8,  0)
( 2,  3)
(34,  0)
(33,  0)
(17,  0)
( 1,  3)
(13,  0)
( 1,  2)
( 6,  0)
( 2,  3)
(15,  0)
( 1,  1)
( 9,  0)
( 2,  1)
(18,  0)
(21,  0)
(31,  0)
(17,  0)
( 1,  2)
( 7,  0)
( 1,  3)
( 9,  0)
( 2,  2)
(18,  0)
(21,  0)
( 1,  1)
( 8,  0)
( 2,  2)
(34,  0)
(22,  0)
(34,  0)
( 1,  3)
( 8,  0)
( 1,  3)
( 3,  0)
( 2,  1)
(34,  0)
(22,  0)
(34,  0)
(22,  0)
(34,  0)
(31,  0)
(17,  0)
( 1,  1)
( 9,  0)
( 2,  1)
(18,  0)
(21,  0)
(30,  0)
(17,  0)
( 2,  4)
(18,  0)
(34,  0)
(22,  0)
(32,  0)
(21,  0)
(30,  0)
(17,  0)
( 2,  5)
(18,  0)
(34,  0)
(22,  0)
(34,  0)
Token list size: 95

Identifier table:
K: "n", V: 2
K: "isPrime", V: 1
K: "i", V: 3
Identifier table size: 3

Constant table:
K: "0", V: 2
K: "1", V: 1
K: "\"Prime\"", V: 4
K: "2", V: 3
K: "\"Not Prime\"", V: 5
Constant table size: 5

Lexically correct!
