TOKENS:
Identifier: isPrime
Separator: :
Reserved word: number
Operator: =
Number constant: 1
Identifier: n
Separator: :
Reserved word: number
Reserved word: input
Separator: (
Identifier: n
Separator: )
Reserved word: if
Separator: (
Identifier: n
Operator: <=
Number constant: 1
Separator: )
Separator: {
Identifier: isPrime
Operator: =
Number constant: 0
Separator: }
Reserved word: else
Separator: {
Identifier: i
Separator: :
Reserved word: number
Operator: =
Number constant: 2
Reserved word: while
Separator: (
Identifier: i
Operator: <=
Identifier: n
Operator: /
Number constant: 2
Operator: &&
Identifier: isPrime
Operator: ==
Number constant: 1
Separator: )
Separator: {
Reserved word: if
Separator: (
Identifier: n
Operator: %
Identifier: i
Operator: ==
Number constant: 0
Separator: )
Separator: {
Identifier: isPrime
Operator: =
Number constant: 0
Separator: }
Identifier: i
Operator: =
Identifier: i
Operator: +
Number constant: 1
Separator: }
Separator: }
Reserved word: if
Separator: (
Identifier: isPrime
Operator: ==
Number constant: 1
Separator: )
Separator: {
Reserved word: output
Separator: (
String constant: "Prime"
Separator: )
Separator: }
Reserved word: else
Separator: {
Reserved word: output
Separator: (
String constant: "Not Prime"
Separator: )
Separator: }
