Token list:
(32,  1)
(21,  0)
(23,  0)
(34,  0)
(32,  2)
(21,  0)
(23,  0)
(34,  0)
(30,  0)
(15,  0)
(32,  2)
(16,  0)
(34,  0)
(32,  3)
(21,  0)
(23,  0)
( 6,  0)
(33,  1)
(34,  0)
(29,  0)
(15,  0)
(32,  2)
(10,  0)
(33,  1)
(16,  0)
(19,  0)
(30,  0)
(15,  0)
(32,  1)
(16,  0)
(34,  0)
(32,  3)
( 6,  0)
(32,  3)
( 1,  0)
(32,  1)
(34,  0)
(32,  2)
( 6,  0)
(32,  2)
( 2,  0)
(33,  2)
(34,  0)
(20,  0)
(34,  0)
(31,  0)
(15,  0)
(32,  3)
(16,  0)
(34,  0)
Token list size: 50

Identifier table:
Bucket  1 => K: "n", V: 2
Bucket  6 => K: "sum", V: 3
Bucket 14 => K: "num", V: 1
Identifier table size: 3

Constant table:
Bucket  5 => K: "0", V: 1
Bucket  7 => K: "1", V: 2
Constant table size: 2

Lexically correct!
